#
# A fatal error has been detected by the Java Runtime Environment:
#
#  EXCEPTION_ACCESS_VIOLATION (0xc0000005) at pc=0x00000000052eb52f, pid=15056, tid=0x0000000000003c84
#
# JRE version: Java(TM) SE Runtime Environment (8.0_161-b12) (build 1.8.0_161-b12)
# Java VM: Java HotSpot(TM) 64-Bit Server VM (25.161-b12 mixed mode windows-amd64 compressed oops)
# Problematic frame:
# v  ~BufferBlob::vtable chunks
#
# Failed to write core dump. Minidumps are not enabled by default on client versions of Windows
#
# If you would like to submit a bug report, please visit:
#   http://bugreport.java.com/bugreport/crash.jsp
#

---------------  T H R E A D  ---------------

Current thread (0x0000000024565800):  JavaThread "HikariPool-1 connection adder" daemon [_thread_in_Java, id=15492, stack(0x0000000029e80000,0x0000000029f80000)]

siginfo: ExceptionCode=0xc0000005, reading address 0x0000000349013978

Registers:
RAX=0x00000007c000a3e0, RBX=0x00000007c000a3e0, RCX=0x000000002432ffe0, RDX=0x00000007796841b0
RSP=0x0000000029f7e8d8, RBP=0x0000000029f7e9d0, RSI=0x00000007796841b0, RDI=0x000000077de27730
R8 =0x000000077de27730, R9 =0x00000007794151f8, R10=0x0000000349013858, R11=0x00000000059ad688
R12=0x0000000000000000, R13=0x0000000029f7e980, R14=0x0000000029f7e8c0, R15=0x0000000024565800
RIP=0x00000000052eb52f, EFLAGS=0x0000000000010202

Top of Stack: (sp=0x0000000029f7e8d8)
0x0000000029f7e8d8:   00000000059ad834 0000000000000000
0x0000000029f7e8e8:   0000000000000000 0000000029f7e9d0
0x0000000029f7e8f8:   0000000005c89724 000000077de2dd38
0x0000000029f7e908:   0000000000000000 000000077de2db68
0x0000000029f7e918:   00000007794ab5d0 000000077de2db38
0x0000000029f7e928:   000000077de2dbf8 000000077de2b3e8
0x0000000029f7e938:   000000077de2db38 0000000000000002
0x0000000029f7e948:   00000007794ca140 000000077de27730
0x0000000029f7e958:   0000000000000000 0000000029f7e9d0
0x0000000029f7e968:   00000000051d80e0 00000000051d835d
0x0000000029f7e978:   00000000051d80e0 000000077de27730
0x0000000029f7e988:   00000007794ca140 0000000029f7e990
0x0000000029f7e998:   0000000026f6f953 0000000029f7ea18
0x0000000029f7e9a8:   0000000026f83258 0000000000000000
0x0000000029f7e9b8:   0000000026f6fa38 0000000029f7e980
0x0000000029f7e9c8:   0000000029f7ea10 0000000029f7ea60 

Instructions: (pc=0x00000000052eb52f)
0x00000000052eb50f:   00 00 00 00 00 00 00 00 00 00 00 7a 00 07 00 00
0x00000000052eb51f:   00 48 8b 58 08 48 8b 00 44 8b 52 08 49 c1 e2 03
0x00000000052eb52f:   45 8b 9a 20 01 00 00 4f 8d 9c da b8 01 00 00 4d
0x00000000052eb53f:   8b 13 49 3b da 74 15 4d 85 d2 0f 84 4e 00 00 00 


Register to memory mapping:

RAX=0x00000007c000a3e0 is pointing into metadata
RBX=0x00000007c000a3e0 is pointing into metadata
RCX=0x000000002432ffe0 is an unknown value
RDX=0x00000007796841b0 is an oop

[error occurred during error reporting (printing register info), id 0xc0000005]

Stack: [0x0000000029e80000,0x0000000029f80000],  sp=0x0000000029f7e8d8,  free space=1018k
Native frames: (J=compiled Java code, j=interpreted, Vv=VM code, C=native code)
C  0x00000000052eb52f


---------------  P R O C E S S  ---------------

Java Threads: ( => current thread )
=>0x0000000024565800 JavaThread "HikariPool-1 connection adder" daemon [_thread_in_Java, id=15492, stack(0x0000000029e80000,0x0000000029f80000)]
  0x000000002455e000 JavaThread "HikariPool-1 connection closer" daemon [_thread_blocked, id=11120, stack(0x0000000029d80000,0x0000000029e80000)]
  0x0000000024563000 JavaThread "AsyncResolver-bootstrap-executor-0" daemon [_thread_blocked, id=13944, stack(0x0000000029280000,0x0000000029380000)]
  0x0000000024568800 JavaThread "DiscoveryClient-HeartbeatExecutor-0" daemon [_thread_blocked, id=11836, stack(0x0000000029180000,0x0000000029280000)]
  0x0000000024567000 JavaThread "DiscoveryClient-CacheRefreshExecutor-0" daemon [_thread_blocked, id=13548, stack(0x0000000029080000,0x0000000029180000)]
  0x0000000024564800 JavaThread "HikariPool-1 housekeeper" daemon [_thread_blocked, id=10496, stack(0x0000000028c80000,0x0000000028d80000)]
  0x0000000024562800 JavaThread "DestroyJavaVM" [_thread_blocked, id=11316, stack(0x0000000004dd0000,0x0000000004ed0000)]
  0x000000002455d000 JavaThread "http-nio-8762-AsyncTimeout" daemon [_thread_blocked, id=12040, stack(0x0000000027e80000,0x0000000027f80000)]
  0x000000002455b000 JavaThread "http-nio-8762-Acceptor-0" daemon [_thread_in_native, id=16024, stack(0x0000000027d80000,0x0000000027e80000)]
  0x0000000024561800 JavaThread "http-nio-8762-ClientPoller-1" daemon [_thread_in_native, id=9168, stack(0x0000000027c80000,0x0000000027d80000)]
  0x000000002455a000 JavaThread "http-nio-8762-ClientPoller-0" daemon [_thread_in_native, id=12900, stack(0x0000000027b80000,0x0000000027c80000)]
  0x000000002455c800 JavaThread "http-nio-8762-exec-10" daemon [_thread_blocked, id=4852, stack(0x0000000027a80000,0x0000000027b80000)]
  0x0000000024561000 JavaThread "http-nio-8762-exec-9" daemon [_thread_blocked, id=15496, stack(0x0000000027980000,0x0000000027a80000)]
  0x0000000024559800 JavaThread "http-nio-8762-exec-8" daemon [_thread_blocked, id=15620, stack(0x0000000027880000,0x0000000027980000)]
  0x000000002455b800 JavaThread "http-nio-8762-exec-7" daemon [_thread_blocked, id=1408, stack(0x0000000027780000,0x0000000027880000)]
  0x0000000024560000 JavaThread "http-nio-8762-exec-6" daemon [_thread_blocked, id=3724, stack(0x0000000027680000,0x0000000027780000)]
  0x000000002455e800 JavaThread "http-nio-8762-exec-5" daemon [_thread_blocked, id=13396, stack(0x0000000027580000,0x0000000027680000)]
  0x000000002455f800 JavaThread "http-nio-8762-exec-4" daemon [_thread_blocked, id=8528, stack(0x0000000027480000,0x0000000027580000)]
  0x00000000221b3800 JavaThread "http-nio-8762-exec-3" daemon [_thread_blocked, id=6460, stack(0x0000000027380000,0x0000000027480000)]
  0x00000000221b2000 JavaThread "http-nio-8762-exec-2" daemon [_thread_blocked, id=15392, stack(0x0000000027280000,0x0000000027380000)]
  0x00000000221b2800 JavaThread "http-nio-8762-exec-1" daemon [_thread_blocked, id=13808, stack(0x0000000027180000,0x0000000027280000)]
  0x00000000221b0800 JavaThread "NioBlockingSelector.BlockPoller-1" daemon [_thread_in_native, id=13828, stack(0x0000000027080000,0x0000000027180000)]
  0x00000000221af800 JavaThread "DiscoveryClient-InstanceInfoReplicator-0" daemon [_thread_blocked, id=13012, stack(0x0000000026d80000,0x0000000026e80000)]
  0x00000000221b5000 JavaThread "DiscoveryClient-1" daemon [_thread_blocked, id=12008, stack(0x0000000026c80000,0x0000000026d80000)]
  0x00000000221ae000 JavaThread "DiscoveryClient-0" daemon [_thread_blocked, id=5876, stack(0x0000000026b80000,0x0000000026c80000)]
  0x00000000221b4000 JavaThread "AsyncResolver-bootstrap-0" daemon [_thread_blocked, id=14912, stack(0x0000000026680000,0x0000000026780000)]
  0x00000000221af000 JavaThread "Eureka-JerseyClient-Conn-Cleaner2" daemon [_thread_blocked, id=284, stack(0x0000000026580000,0x0000000026680000)]
  0x00000000221b1000 JavaThread "Eureka-JerseyClient-Conn-Cleaner2" daemon [_thread_blocked, id=14044, stack(0x0000000026480000,0x0000000026580000)]
  0x0000000022687000 JavaThread "container-0" [_thread_blocked, id=15744, stack(0x0000000025b80000,0x0000000025c80000)]
  0x0000000022688800 JavaThread "ContainerBackgroundProcessor[StandardEngine[Tomcat]]" daemon [_thread_blocked, id=14132, stack(0x0000000025a80000,0x0000000025b80000)]
  0x000000002268a800 JavaThread "SimplePauseDetectorThread_0" daemon [_thread_blocked, id=14192, stack(0x0000000025880000,0x0000000025980000)]
  0x000000002268a000 JavaThread "Thread-11" daemon [_thread_blocked, id=4604, stack(0x0000000025780000,0x0000000025880000)]
  0x0000000022689000 JavaThread "spring.cloud.inetutils" daemon [_thread_blocked, id=2968, stack(0x0000000025380000,0x0000000025480000)]
  0x0000000022686000 JavaThread "Abandoned connection cleanup thread" daemon [_thread_blocked, id=16128, stack(0x0000000025280000,0x0000000025380000)]
  0x000000002096b800 JavaThread "RMI Scheduler(0)" daemon [_thread_blocked, id=2056, stack(0x0000000022cb0000,0x0000000022db0000)]
  0x0000000020713800 JavaThread "RMI TCP Accept-0" daemon [_thread_in_native, id=14296, stack(0x00000000211d0000,0x00000000212d0000)]
  0x0000000020710000 JavaThread "RMI TCP Accept-57630" daemon [_thread_in_native, id=15964, stack(0x00000000210d0000,0x00000000211d0000)]
  0x0000000020707000 JavaThread "RMI TCP Accept-0" daemon [_thread_in_native, id=9384, stack(0x0000000020fd0000,0x00000000210d0000)]
  0x00000000204bc000 JavaThread "Service Thread" daemon [_thread_blocked, id=15636, stack(0x0000000020db0000,0x0000000020eb0000)]
  0x000000002043d000 JavaThread "C1 CompilerThread2" daemon [_thread_blocked, id=8168, stack(0x0000000020cb0000,0x0000000020db0000)]
  0x000000002045a000 JavaThread "C2 CompilerThread1" daemon [_thread_blocked, id=3820, stack(0x0000000020bb0000,0x0000000020cb0000)]
  0x000000002042d800 JavaThread "C2 CompilerThread0" daemon [_thread_blocked, id=12724, stack(0x0000000020ab0000,0x0000000020bb0000)]
  0x0000000020449000 JavaThread "Monitor Ctrl-Break" daemon [_thread_in_native, id=15084, stack(0x00000000209b0000,0x0000000020ab0000)]
  0x000000001e7e8800 JavaThread "Attach Listener" daemon [_thread_blocked, id=2972, stack(0x00000000200b0000,0x00000000201b0000)]
  0x000000001e7d6800 JavaThread "Signal Dispatcher" daemon [_thread_blocked, id=16252, stack(0x000000001ffb0000,0x00000000200b0000)]
  0x00000000050cd000 JavaThread "Finalizer" daemon [_thread_blocked, id=3576, stack(0x000000001fa50000,0x000000001fb50000)]
  0x00000000050c8000 JavaThread "Reference Handler" daemon [_thread_blocked, id=16004, stack(0x000000001f950000,0x000000001fa50000)]

Other Threads:
  0x000000001e786800 VMThread [stack: 0x000000001f850000,0x000000001f950000] [id=15284]
  0x0000000020715000 WatcherThread [stack: 0x00000000212d0000,0x00000000213d0000] [id=1464]

VM state:not at safepoint (normal execution)

VM Mutex/Monitor currently owned by a thread: None

Heap:
 PSYoungGen      total 357888K, used 321668K [0x000000076b300000, 0x000000078d000000, 0x00000007c0000000)
  eden space 337920K, 90% used [0x000000076b300000,0x000000077df404b8,0x000000077fd00000)
  from space 19968K, 71% used [0x000000077fd00000,0x0000000780ae0dc8,0x0000000781080000)
  to   space 20480K, 0% used [0x000000078bc00000,0x000000078bc00000,0x000000078d000000)
 ParOldGen       total 120320K, used 23371K [0x00000006c1800000, 0x00000006c8d80000, 0x000000076b300000)
  object space 120320K, 19% used [0x00000006c1800000,0x00000006c2ed2e98,0x00000006c8d80000)
 Metaspace       used 52000K, capacity 54572K, committed 54608K, reserved 1095680K
  class space    used 7080K, capacity 7549K, committed 7552K, reserved 1048576K

Card table byte_map: [0x0000000014590000,0x0000000014d90000] byte_map_base: 0x0000000010f84000

Marking Bits: (ParMarkBitMap*) 0x0000000065bff860
 Begin Bits: [0x00000000156e0000, 0x0000000019680000)
 End Bits:   [0x0000000019680000, 0x000000001d620000)

Polling page: 0x00000000031e0000

CodeCache: size=245760Kb used=12090Kb max_used=12090Kb free=233669Kb
 bounds [0x00000000051d0000, 0x0000000005db0000, 0x00000000141d0000]
 total_blobs=6756 nmethods=6197 adapters=470
 compilation: enabled

Compilation events (10 events):
Event: 4506.590 Thread 0x000000002043d000 6324       1       org.springframework.aop.framework.CglibAopProxy::access$000 (8 bytes)
Event: 4506.590 Thread 0x000000002043d000 nmethod 6324 0x0000000005d9e150 code [0x0000000005d9e2a0, 0x0000000005d9e3a8]
Event: 4506.590 Thread 0x000000002043d000 6325       1       org.springframework.aop.framework.CglibAopProxy::processReturnType (78 bytes)
Event: 4506.591 Thread 0x000000002043d000 nmethod 6325 0x0000000005d9e410 code [0x0000000005d9e5e0, 0x0000000005d9eab8]
Event: 4507.070 Thread 0x000000002043d000 6326       1       java.net.AbstractPlainSocketImpl::<init> (72 bytes)
Event: 4507.070 Thread 0x000000002043d000 nmethod 6326 0x0000000005d9eed0 code [0x0000000005d9f020, 0x0000000005d9f270]
Event: 4507.072 Thread 0x000000002043d000 6327       1       java.util.zip.CRC32::<init> (5 bytes)
Event: 4507.072 Thread 0x000000002043d000 nmethod 6327 0x0000000005d9f350 code [0x0000000005d9f4a0, 0x0000000005d9f5b0]
Event: 4507.072 Thread 0x000000002043d000 6328       1       com.netflix.discovery.shared.Applications::addInstancesToVIPMaps (79 bytes)
Event: 4507.073 Thread 0x000000002043d000 nmethod 6328 0x0000000005d9f610 code [0x0000000005d9f7e0, 0x0000000005d9fcc8]

GC Heap History (10 events):
Event: 3.256 GC heap before
{Heap before GC invocations=7 (full 1):
 PSYoungGen      total 141824K, used 141821K [0x000000076b300000, 0x000000077a080000, 0x00000007c0000000)
  eden space 131072K, 100% used [0x000000076b300000,0x0000000773300000,0x0000000773300000)
  from space 10752K, 99% used [0x0000000773300000,0x0000000773d7f438,0x0000000773d80000)
  to   space 11776K, 0% used [0x0000000779500000,0x0000000779500000,0x000000077a080000)
 ParOldGen       total 90112K, used 7400K [0x00000006c1800000, 0x00000006c7000000, 0x000000076b300000)
  object space 90112K, 8% used [0x00000006c1800000,0x00000006c1f3a100,0x00000006c7000000)
 Metaspace       used 29676K, capacity 30780K, committed 30972K, reserved 1075200K
  class space    used 4064K, capacity 4328K, committed 4352K, reserved 1048576K
Event: 3.270 GC heap after
Heap after GC invocations=7 (full 1):
 PSYoungGen      total 225792K, used 11775K [0x000000076b300000, 0x000000077a100000, 0x00000007c0000000)
  eden space 214016K, 0% used [0x000000076b300000,0x000000076b300000,0x0000000778400000)
  from space 11776K, 99% used [0x0000000779500000,0x000000077a07fd60,0x000000077a080000)
  to   space 14848K, 0% used [0x0000000778400000,0x0000000778400000,0x0000000779280000)
 ParOldGen       total 90112K, used 9828K [0x00000006c1800000, 0x00000006c7000000, 0x000000076b300000)
  object space 90112K, 10% used [0x00000006c1800000,0x00000006c2199118,0x00000006c7000000)
 Metaspace       used 29676K, capacity 30780K, committed 30972K, reserved 1075200K
  class space    used 4064K, capacity 4328K, committed 4352K, reserved 1048576K
}
Event: 4.646 GC heap before
{Heap before GC invocations=8 (full 1):
 PSYoungGen      total 225792K, used 225791K [0x000000076b300000, 0x000000077a100000, 0x00000007c0000000)
  eden space 214016K, 100% used [0x000000076b300000,0x0000000778400000,0x0000000778400000)
  from space 11776K, 99% used [0x0000000779500000,0x000000077a07fd60,0x000000077a080000)
  to   space 14848K, 0% used [0x0000000778400000,0x0000000778400000,0x0000000779280000)
 ParOldGen       total 90112K, used 9828K [0x00000006c1800000, 0x00000006c7000000, 0x000000076b300000)
  object space 90112K, 10% used [0x00000006c1800000,0x00000006c2199118,0x00000006c7000000)
 Metaspace       used 34316K, capacity 35950K, committed 36048K, reserved 1081344K
  class space    used 4701K, capacity 5041K, committed 5120K, reserved 1048576K
Event: 4.664 GC heap after
Heap after GC invocations=8 (full 1):
 PSYoungGen      total 228864K, used 14831K [0x000000076b300000, 0x0000000782380000, 0x00000007c0000000)
  eden space 214016K, 0% used [0x000000076b300000,0x000000076b300000,0x0000000778400000)
  from space 14848K, 99% used [0x0000000778400000,0x000000077927be40,0x0000000779280000)
  to   space 19456K, 0% used [0x0000000781080000,0x0000000781080000,0x0000000782380000)
 ParOldGen       total 90112K, used 15293K [0x00000006c1800000, 0x00000006c7000000, 0x000000076b300000)
  object space 90112K, 16% used [0x00000006c1800000,0x00000006c26ef7c0,0x00000006c7000000)
 Metaspace       used 34316K, capacity 35950K, committed 36048K, reserved 1081344K
  class space    used 4701K, capacity 5041K, committed 5120K, reserved 1048576K
}
Event: 4.666 GC heap before
{Heap before GC invocations=9 (full 1):
 PSYoungGen      total 228864K, used 21044K [0x000000076b300000, 0x0000000782380000, 0x00000007c0000000)
  eden space 214016K, 2% used [0x000000076b300000,0x000000076b9111d0,0x0000000778400000)
  from space 14848K, 99% used [0x0000000778400000,0x000000077927be40,0x0000000779280000)
  to   space 19456K, 0% used [0x0000000781080000,0x0000000781080000,0x0000000782380000)
 ParOldGen       total 90112K, used 15293K [0x00000006c1800000, 0x00000006c7000000, 0x000000076b300000)
  object space 90112K, 16% used [0x00000006c1800000,0x00000006c26ef7c0,0x00000006c7000000)
 Metaspace       used 34334K, capacity 35950K, committed 36048K, reserved 1081344K
  class space    used 4704K, capacity 5041K, committed 5120K, reserved 1048576K
Event: 4.677 GC heap after
Heap after GC invocations=9 (full 1):
 PSYoungGen      total 357376K, used 14863K [0x000000076b300000, 0x0000000786180000, 0x00000007c0000000)
  eden space 337920K, 0% used [0x000000076b300000,0x000000076b300000,0x000000077fd00000)
  from space 19456K, 76% used [0x0000000781080000,0x0000000781f03e40,0x0000000782380000)
  to   space 19968K, 0% used [0x000000077fd00000,0x000000077fd00000,0x0000000781080000)
 ParOldGen       total 90112K, used 15293K [0x00000006c1800000, 0x00000006c7000000, 0x000000076b300000)
  object space 90112K, 16% used [0x00000006c1800000,0x00000006c26ef7c0,0x00000006c7000000)
 Metaspace       used 34334K, capacity 35950K, committed 36048K, reserved 1081344K
  class space    used 4704K, capacity 5041K, committed 5120K, reserved 1048576K
}
Event: 4.677 GC heap before
{Heap before GC invocations=10 (full 2):
 PSYoungGen      total 357376K, used 14863K [0x000000076b300000, 0x0000000786180000, 0x00000007c0000000)
  eden space 337920K, 0% used [0x000000076b300000,0x000000076b300000,0x000000077fd00000)
  from space 19456K, 76% used [0x0000000781080000,0x0000000781f03e40,0x0000000782380000)
  to   space 19968K, 0% used [0x000000077fd00000,0x000000077fd00000,0x0000000781080000)
 ParOldGen       total 90112K, used 15293K [0x00000006c1800000, 0x00000006c7000000, 0x000000076b300000)
  object space 90112K, 16% used [0x00000006c1800000,0x00000006c26ef7c0,0x00000006c7000000)
 Metaspace       used 34334K, capacity 35950K, committed 36048K, reserved 1081344K
  class space    used 4704K, capacity 5041K, committed 5120K, reserved 1048576K
Event: 4.741 GC heap after
Heap after GC invocations=10 (full 2):
 PSYoungGen      total 357376K, used 0K [0x000000076b300000, 0x0000000786180000, 0x00000007c0000000)
  eden space 337920K, 0% used [0x000000076b300000,0x000000076b300000,0x000000077fd00000)
  from space 19456K, 0% used [0x0000000781080000,0x0000000781080000,0x0000000782380000)
  to   space 19968K, 0% used [0x000000077fd00000,0x000000077fd00000,0x0000000781080000)
 ParOldGen       total 120320K, used 23363K [0x00000006c1800000, 0x00000006c8d80000, 0x000000076b300000)
  object space 120320K, 19% used [0x00000006c1800000,0x00000006c2ed0e98,0x00000006c8d80000)
 Metaspace       used 34334K, capacity 35950K, committed 36048K, reserved 1081344K
  class space    used 4704K, capacity 5041K, committed 5120K, reserved 1048576K
}
Event: 6.175 GC heap before
{Heap before GC invocations=11 (full 2):
 PSYoungGen      total 357376K, used 337920K [0x000000076b300000, 0x0000000786180000, 0x00000007c0000000)
  eden space 337920K, 100% used [0x000000076b300000,0x000000077fd00000,0x000000077fd00000)
  from space 19456K, 0% used [0x0000000781080000,0x0000000781080000,0x0000000782380000)
  to   space 19968K, 0% used [0x000000077fd00000,0x000000077fd00000,0x0000000781080000)
 ParOldGen       total 120320K, used 23363K [0x00000006c1800000, 0x00000006c8d80000, 0x000000076b300000)
  object space 120320K, 19% used [0x00000006c1800000,0x00000006c2ed0e98,0x00000006c8d80000)
 Metaspace       used 39679K, capacity 41818K, committed 41936K, reserved 1085440K
  class space    used 5474K, capacity 5874K, committed 5888K, reserved 1048576K
Event: 6.190 GC heap after
Heap after GC invocations=11 (full 2):
 PSYoungGen      total 357888K, used 14211K [0x000000076b300000, 0x000000078d000000, 0x00000007c0000000)
  eden space 337920K, 0% used [0x000000076b300000,0x000000076b300000,0x000000077fd00000)
  from space 19968K, 71% used [0x000000077fd00000,0x0000000780ae0dc8,0x0000000781080000)
  to   space 20480K, 0% used [0x000000078bc00000,0x000000078bc00000,0x000000078d000000)
 ParOldGen       total 120320K, used 23371K [0x00000006c1800000, 0x00000006c8d80000, 0x000000076b300000)
  object space 120320K, 19% used [0x00000006c1800000,0x00000006c2ed2e98,0x00000006c8d80000)
 Metaspace       used 39679K, capacity 41818K, committed 41936K, reserved 1085440K
  class space    used 5474K, capacity 5874K, committed 5888K, reserved 1048576K
}

Deoptimization events (0 events):
No events

Classes redefined (0 events):
No events

Internal exceptions (10 events):
Event: 2047.701 Thread 0x0000000024568800 Exception <a 'java/net/SocketTimeoutException': Read timed out> (0x000000077ca793f8) thrown at [C:\re\workspace\8-2-build-windows-amd64-cygwin\jdk8u161\10277\hotspot\src\share\vm\prims\jni.cpp, line 735]
Event: 2077.711 Thread 0x0000000024568800 Exception <a 'java/net/SocketTimeoutException': Read timed out> (0x000000077d7b87b8) thrown at [C:\re\workspace\8-2-build-windows-amd64-cygwin\jdk8u161\10277\hotspot\src\share\vm\prims\jni.cpp, line 735]
Event: 2107.720 Thread 0x0000000024568800 Exception <a 'java/net/SocketTimeoutException': Read timed out> (0x000000077d7c27a0) thrown at [C:\re\workspace\8-2-build-windows-amd64-cygwin\jdk8u161\10277\hotspot\src\share\vm\prims\jni.cpp, line 735]
Event: 2137.731 Thread 0x0000000024568800 Exception <a 'java/net/SocketTimeoutException': Read timed out> (0x000000077d7cc788) thrown at [C:\re\workspace\8-2-build-windows-amd64-cygwin\jdk8u161\10277\hotspot\src\share\vm\prims\jni.cpp, line 735]
Event: 2167.741 Thread 0x0000000024568800 Exception <a 'java/net/SocketTimeoutException': Read timed out> (0x000000077d7d6770) thrown at [C:\re\workspace\8-2-build-windows-amd64-cygwin\jdk8u161\10277\hotspot\src\share\vm\prims\jni.cpp, line 735]
Event: 2197.750 Thread 0x0000000024568800 Exception <a 'java/net/SocketTimeoutException': Read timed out> (0x000000077d7e0758) thrown at [C:\re\workspace\8-2-build-windows-amd64-cygwin\jdk8u161\10277\hotspot\src\share\vm\prims\jni.cpp, line 735]
Event: 2227.761 Thread 0x0000000024568800 Exception <a 'java/net/SocketTimeoutException': Read timed out> (0x000000077d7ea740) thrown at [C:\re\workspace\8-2-build-windows-amd64-cygwin\jdk8u161\10277\hotspot\src\share\vm\prims\jni.cpp, line 735]
Event: 2257.771 Thread 0x0000000024568800 Exception <a 'java/net/SocketTimeoutException': Read timed out> (0x000000077d7f4728) thrown at [C:\re\workspace\8-2-build-windows-amd64-cygwin\jdk8u161\10277\hotspot\src\share\vm\prims\jni.cpp, line 735]
Event: 2287.781 Thread 0x0000000024568800 Exception <a 'java/net/SocketTimeoutException': Read timed out> (0x000000077d7fe710) thrown at [C:\re\workspace\8-2-build-windows-amd64-cygwin\jdk8u161\10277\hotspot\src\share\vm\prims\jni.cpp, line 735]
Event: 2317.787 Thread 0x0000000024568800 Exception <a 'java/net/SocketTimeoutException': Read timed out> (0x000000077d8086f8) thrown at [C:\re\workspace\8-2-build-windows-amd64-cygwin\jdk8u161\10277\hotspot\src\share\vm\prims\jni.cpp, line 735]

Events (10 events):
Event: 2317.786 Executing VM operation: RevokeBias
Event: 2317.786 Executing VM operation: RevokeBias done
Event: 2317.786 Executing VM operation: RevokeBias
Event: 2317.786 Executing VM operation: RevokeBias done
Event: 4495.251 loading class org/LatencyUtils/PauseDetector$PauseNotification
Event: 4495.251 loading class org/LatencyUtils/PauseDetector$PauseNotification done
Event: 4507.416 Thread 0x000000002455e000 Thread added: 0x000000002455e000
Event: 4507.416 Thread 0x0000000024565800 Thread added: 0x0000000024565800
Event: 4507.417 Executing VM operation: RevokeBias
Event: 4507.417 Executing VM operation: RevokeBias done


Dynamic libraries:
0x00007ff7ea460000 - 0x00007ff7ea497000 	C:\Program Files\Java\jdk1.8.0_161\bin\java.exe
0x00007ff8490e0000 - 0x00007ff8492c0000 	C:\WINDOWS\SYSTEM32\ntdll.dll
0x00007ff847ea0000 - 0x00007ff847f4e000 	C:\WINDOWS\System32\KERNEL32.DLL
0x00007ff845810000 - 0x00007ff845a76000 	C:\WINDOWS\System32\KERNELBASE.dll
0x00007ff8489f0000 - 0x00007ff848a91000 	C:\WINDOWS\System32\ADVAPI32.dll
0x00007ff8465b0000 - 0x00007ff84664d000 	C:\WINDOWS\System32\msvcrt.dll
0x00007ff848640000 - 0x00007ff84869b000 	C:\WINDOWS\System32\sechost.dll
0x00007ff8486a0000 - 0x00007ff8487bf000 	C:\WINDOWS\System32\RPCRT4.dll
0x00007ff847d10000 - 0x00007ff847e9f000 	C:\WINDOWS\System32\USER32.dll
0x00007ff846590000 - 0x00007ff8465b0000 	C:\WINDOWS\System32\win32u.dll
0x00007ff847c30000 - 0x00007ff847c58000 	C:\WINDOWS\System32\GDI32.dll
0x00007ff8454e0000 - 0x00007ff845673000 	C:\WINDOWS\System32\gdi32full.dll
0x00007ff845ad0000 - 0x00007ff845b6b000 	C:\WINDOWS\System32\msvcp_win.dll
0x00007ff845d40000 - 0x00007ff845e36000 	C:\WINDOWS\System32\ucrtbase.dll
0x00007ff838390000 - 0x00007ff8385f9000 	C:\WINDOWS\WinSxS\amd64_microsoft.windows.common-controls_6595b64144ccf1df_6.0.16299.371_none_15c7d1789365a290\COMCTL32.dll
0x00007ff848d40000 - 0x00007ff849048000 	C:\WINDOWS\System32\combase.dll
0x00007ff845680000 - 0x00007ff8456f2000 	C:\WINDOWS\System32\bcryptPrimitives.dll
0x00007ff847f50000 - 0x00007ff847f7d000 	C:\WINDOWS\System32\IMM32.DLL
0x0000000065c80000 - 0x0000000065d52000 	C:\Program Files\Java\jdk1.8.0_161\jre\bin\msvcr100.dll
0x00000000653e0000 - 0x0000000065c7f000 	C:\Program Files\Java\jdk1.8.0_161\jre\bin\server\jvm.dll
0x00007ff848c20000 - 0x00007ff848c28000 	C:\WINDOWS\System32\PSAPI.DLL
0x00007ff842160000 - 0x00007ff842169000 	C:\WINDOWS\SYSTEM32\WSOCK32.dll
0x00007ff847f80000 - 0x00007ff847fec000 	C:\WINDOWS\System32\WS2_32.dll
0x00007ff843870000 - 0x00007ff843893000 	C:\WINDOWS\SYSTEM32\WINMM.dll
0x00007ff83a2e0000 - 0x00007ff83a2ea000 	C:\WINDOWS\SYSTEM32\VERSION.dll
0x00007ff8437e0000 - 0x00007ff84380a000 	C:\WINDOWS\SYSTEM32\WINMMBASE.dll
0x00007ff845a80000 - 0x00007ff845aca000 	C:\WINDOWS\System32\cfgmgr32.dll
0x00000000653d0000 - 0x00000000653df000 	C:\Program Files\Java\jdk1.8.0_161\jre\bin\verify.dll
0x00000000653a0000 - 0x00000000653c9000 	C:\Program Files\Java\jdk1.8.0_161\jre\bin\java.dll
0x0000000065350000 - 0x0000000065373000 	C:\Program Files\Java\jdk1.8.0_161\jre\bin\instrument.dll
0x0000000065380000 - 0x0000000065396000 	C:\Program Files\Java\jdk1.8.0_161\jre\bin\zip.dll
0x00007ff846650000 - 0x00007ff847a86000 	C:\WINDOWS\System32\SHELL32.dll
0x00007ff848050000 - 0x00007ff8480f6000 	C:\WINDOWS\System32\shcore.dll
0x00007ff845e40000 - 0x00007ff846587000 	C:\WINDOWS\System32\windows.storage.dll
0x00007ff849050000 - 0x00007ff8490a1000 	C:\WINDOWS\System32\shlwapi.dll
0x00007ff845450000 - 0x00007ff845461000 	C:\WINDOWS\System32\kernel.appcore.dll
0x00007ff845470000 - 0x00007ff8454bc000 	C:\WINDOWS\System32\powrprof.dll
0x00007ff8454c0000 - 0x00007ff8454db000 	C:\WINDOWS\System32\profapi.dll
0x00007ff83b070000 - 0x00007ff83b08a000 	D:\DevSoft\IntelliJ IDEA 2017.3.4\bin\breakgen64.dll
0x0000000065240000 - 0x000000006525a000 	C:\Program Files\Java\jdk1.8.0_161\jre\bin\net.dll
0x00007ff844c60000 - 0x00007ff844cc6000 	C:\WINDOWS\system32\mswsock.dll
0x0000000065340000 - 0x000000006534d000 	C:\Program Files\Java\jdk1.8.0_161\jre\bin\management.dll
0x0000000065220000 - 0x0000000065231000 	C:\Program Files\Java\jdk1.8.0_161\jre\bin\nio.dll
0x00007ff837fe0000 - 0x00007ff837ff6000 	C:\WINDOWS\system32\napinsp.dll
0x00007ff837fc0000 - 0x00007ff837fda000 	C:\WINDOWS\system32\pnrpnsp.dll
0x00007ff841ff0000 - 0x00007ff842008000 	C:\WINDOWS\system32\NLAapi.dll
0x00007ff844a30000 - 0x00007ff844ae6000 	C:\WINDOWS\SYSTEM32\DNSAPI.dll
0x00007ff847d00000 - 0x00007ff847d08000 	C:\WINDOWS\System32\NSI.dll
0x00007ff8449f0000 - 0x00007ff844a29000 	C:\WINDOWS\SYSTEM32\IPHLPAPI.DLL
0x00007ff8376b0000 - 0x00007ff8376be000 	C:\WINDOWS\System32\winrnr.dll
0x00007ff840310000 - 0x00007ff84031a000 	C:\Windows\System32\rasadhlp.dll
0x00007ff8403e0000 - 0x00007ff840450000 	C:\WINDOWS\System32\fwpuclnt.dll
0x00007ff844f30000 - 0x00007ff844f55000 	C:\WINDOWS\SYSTEM32\bcrypt.dll
0x00007ff844e30000 - 0x00007ff844e47000 	C:\WINDOWS\SYSTEM32\CRYPTSP.dll
0x00007ff844860000 - 0x00007ff844893000 	C:\WINDOWS\system32\rsaenh.dll
0x00007ff845360000 - 0x00007ff845389000 	C:\WINDOWS\SYSTEM32\USERENV.dll
0x00007ff844e20000 - 0x00007ff844e2b000 	C:\WINDOWS\SYSTEM32\CRYPTBASE.dll
0x00007ff840690000 - 0x00007ff8406a6000 	C:\WINDOWS\SYSTEM32\dhcpcsvc6.DLL
0x00007ff840670000 - 0x00007ff84068a000 	C:\WINDOWS\SYSTEM32\dhcpcsvc.DLL
0x00000000651f0000 - 0x0000000065214000 	C:\Program Files\Java\jdk1.8.0_161\jre\bin\sunec.dll
0x00007ff839f60000 - 0x00007ff83a128000 	C:\WINDOWS\SYSTEM32\dbghelp.dll

VM Arguments:
jvm_args: -XX:TieredStopAtLevel=1 -Xverify:none -Dspring.output.ansi.enabled=always -Dcom.sun.management.jmxremote -Dcom.sun.management.jmxremote.port=57630 -Dcom.sun.management.jmxremote.authenticate=false -Dcom.sun.management.jmxremote.ssl=false -Djava.rmi.server.hostname=localhost -Dspring.liveBeansView.mbeanDomain -Dspring.application.admin.enabled=true -javaagent:D:\DevSoft\IntelliJ IDEA 2017.3.4\lib\idea_rt.jar=57631:D:\DevSoft\IntelliJ IDEA 2017.3.4\bin -Dfile.encoding=UTF-8 
java_command: com.nycloud.admin.AdminApplication
java_class_path (initial): C:\Program Files\Java\jdk1.8.0_161\jre\lib\charsets.jar;C:\Program Files\Java\jdk1.8.0_161\jre\lib\deploy.jar;C:\Program Files\Java\jdk1.8.0_161\jre\lib\ext\access-bridge-64.jar;C:\Program Files\Java\jdk1.8.0_161\jre\lib\ext\cldrdata.jar;C:\Program Files\Java\jdk1.8.0_161\jre\lib\ext\dnsns.jar;C:\Program Files\Java\jdk1.8.0_161\jre\lib\ext\jaccess.jar;C:\Program Files\Java\jdk1.8.0_161\jre\lib\ext\jfxrt.jar;C:\Program Files\Java\jdk1.8.0_161\jre\lib\ext\localedata.jar;C:\Program Files\Java\jdk1.8.0_161\jre\lib\ext\nashorn.jar;C:\Program Files\Java\jdk1.8.0_161\jre\lib\ext\sunec.jar;C:\Program Files\Java\jdk1.8.0_161\jre\lib\ext\sunjce_provider.jar;C:\Program Files\Java\jdk1.8.0_161\jre\lib\ext\sunmscapi.jar;C:\Program Files\Java\jdk1.8.0_161\jre\lib\ext\sunpkcs11.jar;C:\Program Files\Java\jdk1.8.0_161\jre\lib\ext\zipfs.jar;C:\Program Files\Java\jdk1.8.0_161\jre\lib\javaws.jar;C:\Program Files\Java\jdk1.8.0_161\jre\lib\jce.jar;C:\Program Files\Java\jdk1.8.0_161\jre\lib\jfr.jar;C:\Program Files\Java\jdk1.8.0_161\jre\lib\jfxswt.jar;C:\Program Files\Java\jdk1.8.0_161\jre\lib\jsse.jar;C:\Program Files\Java\jdk1.8.0_161\jre\lib\management-agent.jar;C:\Program Files\Java\jdk1.8.0_161\jre\lib\plugin.jar;C:\Program Files\Java\jdk1.8.0_161\jre\lib\resources.jar;C:\Program Files\Java\jdk1.8.0_161\jre\lib\rt.jar;E:\GitHub\ny-cloud\admin\target\classes;E:\maven-repository\org\springframework\boot\spring-boot-starter-web\2.0.1.RELEASE\spring-boot-starter-web-2.0.1.RELEASE.jar;E:\maven-repository\org\springframework\boot\spring-boot-starter\2.0.1.RELEASE\spring-boot-starter-2.0.1.RELEASE.jar;E:\maven-repository\org\springframework\boot\spring-boot\2.0.1.RELEASE\spring-boot-2.0.1.RELEASE.jar;E:\maven-repository\org\springframework\boot\spring-boot-autoconfigure\2.0.1.RELEASE\spring-boot-autoconfigure-2.0.1.RELEASE.jar;E:\maven-repository\org\springframework\boot\spring-boot-starter-logging\2.0.1.RELEASE\spring-boot-starter-logging-2.0.1.RELEASE.jar;E:\m
Launcher Type: SUN_STANDARD

Environment Variables:
JAVA_HOME=C:\Program Files\Java\jdk1.8.0_161
PATH=C:\Program Files (x86)\Common Files\Oracle\Java\javapath;C:\ProgramData\Oracle\Java\javapath;C:\WINDOWS\system32;C:\WINDOWS;C:\WINDOWS\System32\Wbem;C:\WINDOWS\System32\WindowsPowerShell\v1.0\;C:\Program Files\nodejs\;D:\Program Files\Git\cmd;D:\Program Files\MongoDB\Server\3.6\bin;c:\ourwaybi\oracle\instantclient_12_1\vc11;c:\ourwaybi\oracle\instantclient_12_1;D:\DevSoft\apache-maven-3.5.2\bin;C:\Users\Administrator\AppData\Roaming\npm;D:\Program Files\Microsoft VS Code\bin;C:\Users\Administrator\AppData\Local\Microsoft\WindowsApps;D:\DevSoft\gradle-4.6\bin;D:\Program Files\erl9.3\bin;
USERNAME=Administrator
OS=Windows_NT
PROCESSOR_IDENTIFIER=Intel64 Family 6 Model 60 Stepping 3, GenuineIntel



---------------  S Y S T E M  ---------------

OS: Windows 10.0 , 64 bit Build 16299 (10.0.16299.15)

CPU:total 4 (initial active 4) (4 cores per cpu, 1 threads per core) family 6 model 60 stepping 3, cmov, cx8, fxsr, mmx, sse, sse2, sse3, ssse3, sse4.1, sse4.2, popcnt, avx, avx2, aes, clmul, erms, lzcnt, tsc, tscinvbit, bmi1, bmi2

Memory: 4k page, physical 16673692k(8658324k free), swap 19164060k(5136144k free)

vm_info: Java HotSpot(TM) 64-Bit Server VM (25.161-b12) for windows-amd64 JRE (1.8.0_161-b12), built on Dec 19 2017 17:52:25 by "java_re" with MS VC++ 10.0 (VS2010)

time: Mon May 07 19:08:24 2018
elapsed time: 4507 seconds (0d 1h 15m 7s)

