2018-06-14 19:09:15,886 DEBUG (BaseJdbcLogger.java:159)- ==>  Preparing: select A.* from sys_role as A where A.id in (select B.role_id from sys_user_group_role_pk as B where B.group_id = ?) 
2018-06-14 19:09:15,890 DEBUG (BaseJdbcLogger.java:159)- ==> Parameters: 1(Integer)
2018-06-14 19:09:15,891 DEBUG (BaseJdbcLogger.java:159)- <==      Total: 2
2018-06-14 19:09:15,892 DEBUG (BaseJdbcLogger.java:159)- ==>  Preparing: select * from sys_resource where id in (select resource_id from sys_permission_resource_pk where permission_id in (select id from sys_permission where id in (select permission_id from sys_role_permission_pk where role_id in (select role_id from sys_user_role_pk where user_id = ?)))) 
2018-06-14 19:09:15,892 DEBUG (BaseJdbcLogger.java:159)- ==> Parameters: 196618686130565120(Long)
2018-06-14 19:09:15,894 DEBUG (BaseJdbcLogger.java:159)- <==      Total: 0
2018-06-14 19:09:15,899 DEBUG (BaseJdbcLogger.java:159)- ==>  Preparing: insert into sys_permission_resource_pk (permission_id, resource_id) values ( ?, ? ) , ( ?, ? ) , ( ?, ? ) , ( ?, ? ) , ( ?, ? ) , ( ?, ? ) , ( ?, ? ) , ( ?, ? ) , ( ?, ? ) , ( ?, ? ) , ( ?, ? ) , ( ?, ? ) , ( ?, ? ) , ( ?, ? ) , ( ?, ? ) , ( ?, ? ) , ( ?, ? ) , ( ?, ? ) , ( ?, ? ) , ( ?, ? ) 
2018-06-14 19:09:15,901 DEBUG (BaseJdbcLogger.java:159)- ==> Parameters: 1(Integer), 405(Integer), 1(Integer), 406(Integer), 1(Integer), 407(Integer), 1(Integer), 408(Integer), 1(Integer), 409(Integer), 1(Integer), 410(Integer), 1(Integer), 411(Integer), 1(Integer), 412(Integer), 1(Integer), 413(Integer), 1(Integer), 414(Integer), 1(Integer), 415(Integer), 1(Integer), 416(Integer), 1(Integer), 417(Integer), 1(Integer), 418(Integer), 1(Integer), 419(Integer), 1(Integer), 420(Integer), 1(Integer), 421(Integer), 1(Integer), 422(Integer), 1(Integer), 423(Integer), 1(Integer), 424(Integer)
2018-06-14 19:09:15,995 DEBUG (BaseJdbcLogger.java:159)- <==    Updates: 20
2018-06-14 19:09:16,135 DEBUG (SecurityInterceptor.java:49)- current request url: /api/sysPermissionResource/permissionNoRelationResourceList
2018-06-14 19:09:16,136 DEBUG (SecurityInterceptor.java:60)- Receive a request from ,authentication: org.springframework.security.authentication.UsernamePasswordAuthenticationToken@407a647a: Principal: UserEntity(userId=196618686130565120, username=admin); Credentials: [PROTECTED]; Authenticated: false; Details: null; Not granted any authorities
2018-06-14 19:09:16,136 DEBUG (SecurityInterceptor.java:61)- SecurityInterceptor principal = UserEntity(userId=196618686130565120, username=admin)
2018-06-14 19:09:16,138 DEBUG (BaseJdbcLogger.java:159)- ==>  Preparing: select A.* from sys_role as A where A.id in (select B.role_id from sys_user_role_pk as B where B.user_id = ?) 
2018-06-14 19:09:16,139 DEBUG (BaseJdbcLogger.java:159)- ==> Parameters: 196618686130565120(Long)
2018-06-14 19:09:16,141 DEBUG (BaseJdbcLogger.java:159)- <==      Total: 1
2018-06-14 19:09:16,142 DEBUG (BaseJdbcLogger.java:159)- ==>  Preparing: select A.*, B.group_id, C.name as group_name from sys_user A LEFT JOIN sys_user_group_pk B ON A.id = B.user_id LEFT JOIN sys_user_group C ON B.group_id = C.id WHERE A.id = ? 
2018-06-14 19:09:16,142 DEBUG (BaseJdbcLogger.java:159)- ==> Parameters: 196618686130565120(Long)
2018-06-14 19:09:16,143 DEBUG (BaseJdbcLogger.java:159)- <==      Total: 1
2018-06-14 19:09:16,147 DEBUG (BaseJdbcLogger.java:159)- ==>  Preparing: select A.* from sys_role as A where A.id in (select B.role_id from sys_user_group_role_pk as B where B.group_id = ?) 
2018-06-14 19:09:16,149 DEBUG (BaseJdbcLogger.java:159)- ==> Parameters: 1(Integer)
2018-06-14 19:09:16,150 DEBUG (BaseJdbcLogger.java:159)- <==      Total: 2
2018-06-14 19:09:16,151 DEBUG (BaseJdbcLogger.java:159)- ==>  Preparing: select * from sys_resource where id in (select resource_id from sys_permission_resource_pk where permission_id in (select id from sys_permission where id in (select permission_id from sys_role_permission_pk where role_id in (select role_id from sys_user_role_pk where user_id = ?)))) 
2018-06-14 19:09:16,152 DEBUG (BaseJdbcLogger.java:159)- ==> Parameters: 196618686130565120(Long)
2018-06-14 19:09:16,154 DEBUG (BaseJdbcLogger.java:159)- <==      Total: 20
2018-06-14 19:09:16,158 DEBUG (BaseJdbcLogger.java:159)- ==>  Preparing: SELECT count(0) FROM sys_resource AS A WHERE A.id NOT IN (SELECT B.resource_id FROM sys_permission_resource_pk AS B WHERE B.permission_id = ?) 
2018-06-14 19:09:16,158 DEBUG (BaseJdbcLogger.java:159)- ==> Parameters: 1(Integer)
2018-06-14 19:09:16,159 DEBUG (BaseJdbcLogger.java:159)- <==      Total: 1
2018-06-14 19:09:16,160 DEBUG (BaseJdbcLogger.java:159)- ==>  Preparing: select A.* from sys_resource as A where A.id not in (select B.resource_id from sys_permission_resource_pk AS B where B.permission_id = ?) LIMIT ? 
2018-06-14 19:09:16,160 DEBUG (BaseJdbcLogger.java:159)- ==> Parameters: 1(Integer), 20(Integer)
2018-06-14 19:09:16,163 DEBUG (BaseJdbcLogger.java:159)- <==      Total: 16
2018-06-14 19:09:16,439 DEBUG (SecurityInterceptor.java:49)- current request url: /api/sysPermissionResource/permissionResourceList
2018-06-14 19:09:16,439 DEBUG (SecurityInterceptor.java:60)- Receive a request from ,authentication: org.springframework.security.authentication.UsernamePasswordAuthenticationToken@407a647a: Principal: UserEntity(userId=196618686130565120, username=admin); Credentials: [PROTECTED]; Authenticated: false; Details: null; Not granted any authorities
