2018-06-14 19:09:08,160 DEBUG (BaseJdbcLogger.java:159)- <==      Total: 1
2018-06-14 19:09:08,164 DEBUG (BaseJdbcLogger.java:159)- ==>  Preparing: select A.* from sys_role as A where A.id in (select B.role_id from sys_user_group_role_pk as B where B.group_id = ?) 
2018-06-14 19:09:08,165 DEBUG (BaseJdbcLogger.java:159)- ==> Parameters: 1(Integer)
2018-06-14 19:09:08,166 DEBUG (BaseJdbcLogger.java:159)- <==      Total: 2
2018-06-14 19:09:08,166 DEBUG (BaseJdbcLogger.java:159)- ==>  Preparing: select * from sys_resource where id in (select resource_id from sys_permission_resource_pk where permission_id in (select id from sys_permission where id in (select permission_id from sys_role_permission_pk where role_id in (select role_id from sys_user_role_pk where user_id = ?)))) 
2018-06-14 19:09:08,167 DEBUG (BaseJdbcLogger.java:159)- ==> Parameters: 196618686130565120(Long)
2018-06-14 19:09:08,167 DEBUG (BaseJdbcLogger.java:159)- <==      Total: 0
2018-06-14 19:09:08,173 DEBUG (BaseJdbcLogger.java:159)- ==>  Preparing: delete from sys_permission_menu_pk where permission_id = ? and menu_id in ( ? , ? , ? , ? , ? , ? , ? , ? , ? , ? , ? , ? , ? ) 
2018-06-14 19:09:08,174 DEBUG (BaseJdbcLogger.java:159)- ==> Parameters: 1(Integer), 1(Integer), 8(Integer), 9(Integer), 10(Integer), 11(Integer), 12(Integer), 13(Integer), 2(Integer), 3(Integer), 4(Integer), 5(Integer), 6(Integer), 7(Integer)
2018-06-14 19:09:08,179 DEBUG (BaseJdbcLogger.java:159)- <==    Updates: 13
2018-06-14 19:09:08,347 DEBUG (SecurityInterceptor.java:49)- current request url: /api/sysPermissionMenu/permissionNoRelationMenuTree
2018-06-14 19:09:08,348 DEBUG (SecurityInterceptor.java:60)- Receive a request from ,authentication: org.springframework.security.authentication.UsernamePasswordAuthenticationToken@407a647a: Principal: UserEntity(userId=196618686130565120, username=admin); Credentials: [PROTECTED]; Authenticated: false; Details: null; Not granted any authorities
2018-06-14 19:09:08,348 DEBUG (SecurityInterceptor.java:61)- SecurityInterceptor principal = UserEntity(userId=196618686130565120, username=admin)
2018-06-14 19:09:08,349 DEBUG (BaseJdbcLogger.java:159)- ==>  Preparing: select A.* from sys_role as A where A.id in (select B.role_id from sys_user_role_pk as B where B.user_id = ?) 
2018-06-14 19:09:08,349 DEBUG (BaseJdbcLogger.java:159)- ==> Parameters: 196618686130565120(Long)
2018-06-14 19:09:08,350 DEBUG (BaseJdbcLogger.java:159)- <==      Total: 1
2018-06-14 19:09:08,351 DEBUG (BaseJdbcLogger.java:159)- ==>  Preparing: select A.*, B.group_id, C.name as group_name from sys_user A LEFT JOIN sys_user_group_pk B ON A.id = B.user_id LEFT JOIN sys_user_group C ON B.group_id = C.id WHERE A.id = ? 
2018-06-14 19:09:08,352 DEBUG (BaseJdbcLogger.java:159)- ==> Parameters: 196618686130565120(Long)
2018-06-14 19:09:08,353 DEBUG (BaseJdbcLogger.java:159)- <==      Total: 1
2018-06-14 19:09:08,355 DEBUG (BaseJdbcLogger.java:159)- ==>  Preparing: select A.* from sys_role as A where A.id in (select B.role_id from sys_user_group_role_pk as B where B.group_id = ?) 
2018-06-14 19:09:08,357 DEBUG (BaseJdbcLogger.java:159)- ==> Parameters: 1(Integer)
2018-06-14 19:09:08,359 DEBUG (BaseJdbcLogger.java:159)- <==      Total: 2
2018-06-14 19:09:08,360 DEBUG (BaseJdbcLogger.java:159)- ==>  Preparing: select * from sys_resource where id in (select resource_id from sys_permission_resource_pk where permission_id in (select id from sys_permission where id in (select permission_id from sys_role_permission_pk where role_id in (select role_id from sys_user_role_pk where user_id = ?)))) 
2018-06-14 19:09:08,362 DEBUG (BaseJdbcLogger.java:159)- ==> Parameters: 196618686130565120(Long)
2018-06-14 19:09:08,363 DEBUG (BaseJdbcLogger.java:159)- <==      Total: 0
2018-06-14 19:09:08,364 DEBUG (BaseJdbcLogger.java:159)- ==>  Preparing: select id, title, url, icon, parent_id, sort, level, name, path, component, description, enable from sys_menu where enable = ? order by level,sort,id asc 
2018-06-14 19:09:08,364 DEBUG (BaseJdbcLogger.java:159)- ==> Parameters: 1(Integer)
2018-06-14 19:09:08,366 DEBUG (BaseJdbcLogger.java:159)- <==      Total: 13
2018-06-14 19:09:08,366 DEBUG (BaseJdbcLogger.java:159)- ==>  Preparing: select * from sys_menu where id not in (select menu_id from sys_permission_menu_pk where permission_id = ?) order by level,sort,id asc 
2018-06-14 19:09:08,366 DEBUG (BaseJdbcLogger.java:159)- ==> Parameters: 1(Integer)
2018-06-14 19:09:08,368 DEBUG (BaseJdbcLogger.java:159)- <==      Total: 13
2018-06-14 19:09:08,513 DEBUG (SecurityInterceptor.java:49)- current request url: /api/sysPermissionMenu/permissionMenuTree
