2018-06-14 19:09:10,600 DEBUG (BaseJdbcLogger.java:159)- ==>  Preparing: select * from sys_resource where id in (select resource_id from sys_permission_resource_pk where permission_id in (select id from sys_permission where id in (select permission_id from sys_role_permission_pk where role_id in (select role_id from sys_user_role_pk where user_id = ?)))) 
2018-06-14 19:09:10,604 DEBUG (BaseJdbcLogger.java:159)- ==> Parameters: 196618686130565120(Long)
2018-06-14 19:09:10,606 DEBUG (BaseJdbcLogger.java:159)- <==      Total: 0
2018-06-14 19:09:10,611 DEBUG (BaseJdbcLogger.java:159)- ==>  Preparing: insert into sys_permission_menu_pk (permission_id, menu_id) values ( ?, ? ) , ( ?, ? ) , ( ?, ? ) , ( ?, ? ) , ( ?, ? ) , ( ?, ? ) , ( ?, ? ) , ( ?, ? ) , ( ?, ? ) , ( ?, ? ) , ( ?, ? ) , ( ?, ? ) , ( ?, ? ) 
2018-06-14 19:09:10,613 DEBUG (BaseJdbcLogger.java:159)- ==> Parameters: 1(Integer), 1(Integer), 1(Integer), 8(Integer), 1(Integer), 9(Integer), 1(Integer), 10(Integer), 1(Integer), 11(Integer), 1(Integer), 12(Integer), 1(Integer), 13(Integer), 1(Integer), 2(Integer), 1(Integer), 3(Integer), 1(Integer), 4(Integer), 1(Integer), 5(Integer), 1(Integer), 6(Integer), 1(Integer), 7(Integer)
2018-06-14 19:09:10,615 DEBUG (BaseJdbcLogger.java:159)- <==    Updates: 13
2018-06-14 19:09:10,949 DEBUG (SecurityInterceptor.java:49)- current request url: /api/sysPermissionMenu/permissionNoRelationMenuTree
2018-06-14 19:09:10,950 DEBUG (SecurityInterceptor.java:60)- Receive a request from ,authentication: org.springframework.security.authentication.UsernamePasswordAuthenticationToken@407a647a: Principal: UserEntity(userId=196618686130565120, username=admin); Credentials: [PROTECTED]; Authenticated: false; Details: null; Not granted any authorities
2018-06-14 19:09:10,950 DEBUG (SecurityInterceptor.java:61)- SecurityInterceptor principal = UserEntity(userId=196618686130565120, username=admin)
2018-06-14 19:09:10,951 DEBUG (SecurityInterceptor.java:49)- current request url: /api/sysPermissionMenu/permissionMenuTree
2018-06-14 19:09:10,951 DEBUG (SecurityInterceptor.java:60)- Receive a request from ,authentication: org.springframework.security.authentication.UsernamePasswordAuthenticationToken@407a647a: Principal: UserEntity(userId=196618686130565120, username=admin); Credentials: [PROTECTED]; Authenticated: false; Details: null; Not granted any authorities
2018-06-14 19:09:10,951 DEBUG (BaseJdbcLogger.java:159)- ==>  Preparing: select A.* from sys_role as A where A.id in (select B.role_id from sys_user_role_pk as B where B.user_id = ?) 
2018-06-14 19:09:10,951 DEBUG (SecurityInterceptor.java:61)- SecurityInterceptor principal = UserEntity(userId=196618686130565120, username=admin)
2018-06-14 19:09:10,952 DEBUG (BaseJdbcLogger.java:159)- ==> Parameters: 196618686130565120(Long)
2018-06-14 19:09:10,952 DEBUG (BaseJdbcLogger.java:159)- ==>  Preparing: select A.* from sys_role as A where A.id in (select B.role_id from sys_user_role_pk as B where B.user_id = ?) 
2018-06-14 19:09:10,953 DEBUG (BaseJdbcLogger.java:159)- <==      Total: 1
2018-06-14 19:09:10,953 DEBUG (BaseJdbcLogger.java:159)- ==> Parameters: 196618686130565120(Long)
2018-06-14 19:09:10,953 DEBUG (BaseJdbcLogger.java:159)- ==>  Preparing: select A.*, B.group_id, C.name as group_name from sys_user A LEFT JOIN sys_user_group_pk B ON A.id = B.user_id LEFT JOIN sys_user_group C ON B.group_id = C.id WHERE A.id = ? 
2018-06-14 19:09:10,953 DEBUG (BaseJdbcLogger.java:159)- <==      Total: 1
2018-06-14 19:09:10,954 DEBUG (BaseJdbcLogger.java:159)- ==> Parameters: 196618686130565120(Long)
2018-06-14 19:09:10,954 DEBUG (BaseJdbcLogger.java:159)- ==>  Preparing: select A.*, B.group_id, C.name as group_name from sys_user A LEFT JOIN sys_user_group_pk B ON A.id = B.user_id LEFT JOIN sys_user_group C ON B.group_id = C.id WHERE A.id = ? 
2018-06-14 19:09:10,954 DEBUG (BaseJdbcLogger.java:159)- ==> Parameters: 196618686130565120(Long)
2018-06-14 19:09:10,955 DEBUG (BaseJdbcLogger.java:159)- <==      Total: 1
2018-06-14 19:09:10,955 DEBUG (BaseJdbcLogger.java:159)- <==      Total: 1
2018-06-14 19:09:10,955 DEBUG (BaseJdbcLogger.java:159)- ==>  Preparing: select A.* from sys_role as A where A.id in (select B.role_id from sys_user_group_role_pk as B where B.group_id = ?) 
2018-06-14 19:09:10,956 DEBUG (BaseJdbcLogger.java:159)- ==> Parameters: 1(Integer)
2018-06-14 19:09:10,956 DEBUG (BaseJdbcLogger.java:159)- ==>  Preparing: select A.* from sys_role as A where A.id in (select B.role_id from sys_user_group_role_pk as B where B.group_id = ?) 
2018-06-14 19:09:10,957 DEBUG (BaseJdbcLogger.java:159)- ==> Parameters: 1(Integer)
2018-06-14 19:09:10,959 DEBUG (BaseJdbcLogger.java:159)- <==      Total: 2
2018-06-14 19:09:10,959 DEBUG (BaseJdbcLogger.java:159)- <==      Total: 2
2018-06-14 19:09:10,960 DEBUG (BaseJdbcLogger.java:159)- ==>  Preparing: select * from sys_resource where id in (select resource_id from sys_permission_resource_pk where permission_id in (select id from sys_permission where id in (select permission_id from sys_role_permission_pk where role_id in (select role_id from sys_user_role_pk where user_id = ?)))) 
2018-06-14 19:09:10,960 DEBUG (BaseJdbcLogger.java:159)- ==>  Preparing: select * from sys_resource where id in (select resource_id from sys_permission_resource_pk where permission_id in (select id from sys_permission where id in (select permission_id from sys_role_permission_pk where role_id in (select role_id from sys_user_role_pk where user_id = ?)))) 
