2018-06-14 19:09:08,514 DEBUG (SecurityInterceptor.java:60)- Receive a request from ,authentication: org.springframework.security.authentication.UsernamePasswordAuthenticationToken@407a647a: Principal: UserEntity(userId=196618686130565120, username=admin); Credentials: [PROTECTED]; Authenticated: false; Details: null; Not granted any authorities
2018-06-14 19:09:08,518 DEBUG (SecurityInterceptor.java:61)- SecurityInterceptor principal = UserEntity(userId=196618686130565120, username=admin)
2018-06-14 19:09:08,519 DEBUG (BaseJdbcLogger.java:159)- ==>  Preparing: select A.* from sys_role as A where A.id in (select B.role_id from sys_user_role_pk as B where B.user_id = ?) 
2018-06-14 19:09:08,519 DEBUG (BaseJdbcLogger.java:159)- ==> Parameters: 196618686130565120(Long)
2018-06-14 19:09:08,522 DEBUG (BaseJdbcLogger.java:159)- <==      Total: 1
2018-06-14 19:09:08,525 DEBUG (BaseJdbcLogger.java:159)- ==>  Preparing: select A.*, B.group_id, C.name as group_name from sys_user A LEFT JOIN sys_user_group_pk B ON A.id = B.user_id LEFT JOIN sys_user_group C ON B.group_id = C.id WHERE A.id = ? 
2018-06-14 19:09:08,526 DEBUG (BaseJdbcLogger.java:159)- ==> Parameters: 196618686130565120(Long)
2018-06-14 19:09:08,527 DEBUG (BaseJdbcLogger.java:159)- <==      Total: 1
2018-06-14 19:09:08,527 DEBUG (BaseJdbcLogger.java:159)- ==>  Preparing: select A.* from sys_role as A where A.id in (select B.role_id from sys_user_group_role_pk as B where B.group_id = ?) 
2018-06-14 19:09:08,528 DEBUG (BaseJdbcLogger.java:159)- ==> Parameters: 1(Integer)
2018-06-14 19:09:08,528 DEBUG (BaseJdbcLogger.java:159)- <==      Total: 2
2018-06-14 19:09:08,529 DEBUG (BaseJdbcLogger.java:159)- ==>  Preparing: select * from sys_resource where id in (select resource_id from sys_permission_resource_pk where permission_id in (select id from sys_permission where id in (select permission_id from sys_role_permission_pk where role_id in (select role_id from sys_user_role_pk where user_id = ?)))) 
2018-06-14 19:09:08,530 DEBUG (BaseJdbcLogger.java:159)- ==> Parameters: 196618686130565120(Long)
2018-06-14 19:09:08,530 DEBUG (BaseJdbcLogger.java:159)- <==      Total: 0
2018-06-14 19:09:08,531 DEBUG (BaseJdbcLogger.java:159)- ==>  Preparing: select id, title, url, icon, parent_id, sort, level, name, path, component, description, enable from sys_menu where enable = ? order by level,sort,id asc 
2018-06-14 19:09:08,532 DEBUG (BaseJdbcLogger.java:159)- ==> Parameters: 1(Integer)
2018-06-14 19:09:08,533 DEBUG (BaseJdbcLogger.java:159)- <==      Total: 13
2018-06-14 19:09:08,534 DEBUG (BaseJdbcLogger.java:159)- ==>  Preparing: select * from sys_menu where id in (select menu_id from sys_permission_menu_pk where permission_id = ?) order by level,sort,id asc 
2018-06-14 19:09:08,534 DEBUG (BaseJdbcLogger.java:159)- ==> Parameters: 1(Integer)
2018-06-14 19:09:08,535 DEBUG (BaseJdbcLogger.java:159)- <==      Total: 0
