2018-06-14 19:09:05,421 DEBUG (BaseJdbcLogger.java:159)- ==>  Preparing: select * from sys_menu where id not in (select menu_id from sys_permission_menu_pk where permission_id = ?) order by level,sort,id asc 
2018-06-14 19:09:05,429 DEBUG (BaseJdbcLogger.java:159)- ==> Parameters: 1(Integer)
2018-06-14 19:09:05,431 DEBUG (BaseJdbcLogger.java:159)- <==      Total: 0
2018-06-14 19:09:05,676 DEBUG (SecurityInterceptor.java:49)- current request url: /api/sysPermissionMenu/permissionMenuTree
2018-06-14 19:09:05,676 DEBUG (SecurityInterceptor.java:60)- Receive a request from ,authentication: org.springframework.security.authentication.UsernamePasswordAuthenticationToken@407a647a: Principal: UserEntity(userId=196618686130565120, username=admin); Credentials: [PROTECTED]; Authenticated: false; Details: null; Not granted any authorities
2018-06-14 19:09:05,683 DEBUG (SecurityInterceptor.java:61)- SecurityInterceptor principal = UserEntity(userId=196618686130565120, username=admin)
2018-06-14 19:09:05,685 DEBUG (BaseJdbcLogger.java:159)- ==>  Preparing: select A.* from sys_role as A where A.id in (select B.role_id from sys_user_role_pk as B where B.user_id = ?) 
2018-06-14 19:09:05,686 DEBUG (BaseJdbcLogger.java:159)- ==> Parameters: 196618686130565120(Long)
2018-06-14 19:09:05,687 DEBUG (BaseJdbcLogger.java:159)- <==      Total: 1
2018-06-14 19:09:05,688 DEBUG (BaseJdbcLogger.java:159)- ==>  Preparing: select A.*, B.group_id, C.name as group_name from sys_user A LEFT JOIN sys_user_group_pk B ON A.id = B.user_id LEFT JOIN sys_user_group C ON B.group_id = C.id WHERE A.id = ? 
2018-06-14 19:09:05,689 DEBUG (BaseJdbcLogger.java:159)- ==> Parameters: 196618686130565120(Long)
2018-06-14 19:09:05,690 DEBUG (BaseJdbcLogger.java:159)- <==      Total: 1
2018-06-14 19:09:05,692 DEBUG (BaseJdbcLogger.java:159)- ==>  Preparing: select A.* from sys_role as A where A.id in (select B.role_id from sys_user_group_role_pk as B where B.group_id = ?) 
2018-06-14 19:09:05,692 DEBUG (BaseJdbcLogger.java:159)- ==> Parameters: 1(Integer)
2018-06-14 19:09:05,693 DEBUG (BaseJdbcLogger.java:159)- <==      Total: 2
2018-06-14 19:09:05,694 DEBUG (BaseJdbcLogger.java:159)- ==>  Preparing: select * from sys_resource where id in (select resource_id from sys_permission_resource_pk where permission_id in (select id from sys_permission where id in (select permission_id from sys_role_permission_pk where role_id in (select role_id from sys_user_role_pk where user_id = ?)))) 
2018-06-14 19:09:05,694 DEBUG (BaseJdbcLogger.java:159)- ==> Parameters: 196618686130565120(Long)
2018-06-14 19:09:05,695 DEBUG (BaseJdbcLogger.java:159)- <==      Total: 0
2018-06-14 19:09:05,697 DEBUG (BaseJdbcLogger.java:159)- ==>  Preparing: select id, title, url, icon, parent_id, sort, level, name, path, component, description, enable from sys_menu where enable = ? order by level,sort,id asc 
2018-06-14 19:09:05,698 DEBUG (BaseJdbcLogger.java:159)- ==> Parameters: 1(Integer)
2018-06-14 19:09:05,699 DEBUG (BaseJdbcLogger.java:159)- <==      Total: 13
2018-06-14 19:09:05,701 DEBUG (BaseJdbcLogger.java:159)- ==>  Preparing: select * from sys_menu where id in (select menu_id from sys_permission_menu_pk where permission_id = ?) order by level,sort,id asc 
2018-06-14 19:09:05,702 DEBUG (BaseJdbcLogger.java:159)- ==> Parameters: 1(Integer)
2018-06-14 19:09:05,704 DEBUG (BaseJdbcLogger.java:159)- <==      Total: 13
