2018-06-14 19:09:18,525 DEBUG (BaseJdbcLogger.java:159)- ==> Parameters: 196618686130565120(Long)
2018-06-14 19:09:18,530 DEBUG (BaseJdbcLogger.java:159)- <==      Total: 20
2018-06-14 19:09:18,535 DEBUG (BaseJdbcLogger.java:159)- ==>  Preparing: delete from sys_permission_resource_pk where permission_id = ? and resource_id in ( ? , ? , ? , ? , ? , ? , ? , ? , ? , ? , ? , ? , ? , ? , ? , ? , ? , ? , ? , ? ) 
2018-06-14 19:09:18,536 DEBUG (BaseJdbcLogger.java:159)- ==> Parameters: 1(Integer), 405(Integer), 406(Integer), 407(Integer), 408(Integer), 409(Integer), 410(Integer), 411(Integer), 412(Integer), 413(Integer), 414(Integer), 415(Integer), 416(Integer), 417(Integer), 418(Integer), 419(Integer), 420(Integer), 421(Integer), 422(Integer), 423(Integer), 424(Integer)
2018-06-14 19:09:18,632 DEBUG (BaseJdbcLogger.java:159)- <==    Updates: 20
2018-06-14 19:09:18,754 DEBUG (SecurityInterceptor.java:49)- current request url: /api/sysPermissionResource/permissionNoRelationResourceList
2018-06-14 19:09:18,755 DEBUG (SecurityInterceptor.java:60)- Receive a request from ,authentication: org.springframework.security.authentication.UsernamePasswordAuthenticationToken@407a647a: Principal: UserEntity(userId=196618686130565120, username=admin); Credentials: [PROTECTED]; Authenticated: false; Details: null; Not granted any authorities
2018-06-14 19:09:18,755 DEBUG (SecurityInterceptor.java:61)- SecurityInterceptor principal = UserEntity(userId=196618686130565120, username=admin)
2018-06-14 19:09:18,756 DEBUG (BaseJdbcLogger.java:159)- ==>  Preparing: select A.* from sys_role as A where A.id in (select B.role_id from sys_user_role_pk as B where B.user_id = ?) 
2018-06-14 19:09:18,757 DEBUG (BaseJdbcLogger.java:159)- ==> Parameters: 196618686130565120(Long)
2018-06-14 19:09:18,758 DEBUG (BaseJdbcLogger.java:159)- <==      Total: 1
2018-06-14 19:09:18,759 DEBUG (BaseJdbcLogger.java:159)- ==>  Preparing: select A.*, B.group_id, C.name as group_name from sys_user A LEFT JOIN sys_user_group_pk B ON A.id = B.user_id LEFT JOIN sys_user_group C ON B.group_id = C.id WHERE A.id = ? 
2018-06-14 19:09:18,759 DEBUG (BaseJdbcLogger.java:159)- ==> Parameters: 196618686130565120(Long)
2018-06-14 19:09:18,760 DEBUG (BaseJdbcLogger.java:159)- <==      Total: 1
2018-06-14 19:09:18,761 DEBUG (BaseJdbcLogger.java:159)- ==>  Preparing: select A.* from sys_role as A where A.id in (select B.role_id from sys_user_group_role_pk as B where B.group_id = ?) 
2018-06-14 19:09:18,761 DEBUG (BaseJdbcLogger.java:159)- ==> Parameters: 1(Integer)
2018-06-14 19:09:18,762 DEBUG (BaseJdbcLogger.java:159)- <==      Total: 2
2018-06-14 19:09:18,764 DEBUG (BaseJdbcLogger.java:159)- ==>  Preparing: select * from sys_resource where id in (select resource_id from sys_permission_resource_pk where permission_id in (select id from sys_permission where id in (select permission_id from sys_role_permission_pk where role_id in (select role_id from sys_user_role_pk where user_id = ?)))) 
2018-06-14 19:09:18,765 DEBUG (BaseJdbcLogger.java:159)- ==> Parameters: 196618686130565120(Long)
2018-06-14 19:09:18,767 DEBUG (BaseJdbcLogger.java:159)- <==      Total: 0
2018-06-14 19:09:18,772 DEBUG (BaseJdbcLogger.java:159)- ==>  Preparing: SELECT count(0) FROM sys_resource AS A WHERE A.id NOT IN (SELECT B.resource_id FROM sys_permission_resource_pk AS B WHERE B.permission_id = ?) 
2018-06-14 19:09:18,773 DEBUG (BaseJdbcLogger.java:159)- ==> Parameters: 1(Integer)
2018-06-14 19:09:18,774 DEBUG (BaseJdbcLogger.java:159)- <==      Total: 1
2018-06-14 19:09:18,775 DEBUG (BaseJdbcLogger.java:159)- ==>  Preparing: select A.* from sys_resource as A where A.id not in (select B.resource_id from sys_permission_resource_pk AS B where B.permission_id = ?) LIMIT ? 
2018-06-14 19:09:18,776 DEBUG (BaseJdbcLogger.java:159)- ==> Parameters: 1(Integer), 20(Integer)
2018-06-14 19:09:18,777 DEBUG (BaseJdbcLogger.java:159)- <==      Total: 20
2018-06-14 19:09:19,052 DEBUG (SecurityInterceptor.java:49)- current request url: /api/sysPermissionResource/permissionResourceList
2018-06-14 19:09:19,052 DEBUG (SecurityInterceptor.java:60)- Receive a request from ,authentication: org.springframework.security.authentication.UsernamePasswordAuthenticationToken@407a647a: Principal: UserEntity(userId=196618686130565120, username=admin); Credentials: [PROTECTED]; Authenticated: false; Details: null; Not granted any authorities
2018-06-14 19:09:19,056 DEBUG (SecurityInterceptor.java:61)- SecurityInterceptor principal = UserEntity(userId=196618686130565120, username=admin)
2018-06-14 19:09:19,057 DEBUG (BaseJdbcLogger.java:159)- ==>  Preparing: select A.* from sys_role as A where A.id in (select B.role_id from sys_user_role_pk as B where B.user_id = ?) 
2018-06-14 19:09:19,058 DEBUG (BaseJdbcLogger.java:159)- ==> Parameters: 196618686130565120(Long)
2018-06-14 19:09:19,058 DEBUG (BaseJdbcLogger.java:159)- <==      Total: 1
